\BOOKMARK [1][-]{section*.1}{\376\377\000E\000h\000r\000e\000n\000w\000\366\000r\000t\000l\000i\000c\000h\000e\000\040\000E\000r\000k\000l\000\344\000r\000u\000n\000g}{}% 1
\BOOKMARK [1][-]{section*.2}{\376\377\000H\000i\000n\000w\000e\000i\000s\000\040\000z\000u\000m\000\040\000U\000m\000f\000a\000n\000g\000\040\000d\000e\000r\000\040\000A\000r\000b\000e\000i\000t}{}% 2
\BOOKMARK [1][-]{section*.3}{\376\377\000K\000u\000r\000z\000f\000a\000s\000s\000u\000n\000g}{}% 3
\BOOKMARK [1][-]{section*.4}{\376\377\000I\000n\000h\000a\000l\000t\000s\000v\000e\000r\000z\000e\000i\000c\000h\000n\000i\000s}{}% 4
\BOOKMARK [1][-]{section*.5}{\376\377\000A\000b\000k\000\374\000r\000z\000u\000n\000g\000s\000v\000e\000r\000z\000e\000i\000c\000h\000n\000i\000s}{}% 5
\BOOKMARK [1][-]{section*.6}{\376\377\000A\000b\000b\000i\000l\000d\000u\000n\000g\000s\000v\000e\000r\000z\000e\000i\000c\000h\000n\000i\000s}{}% 6
\BOOKMARK [1][-]{section*.7}{\376\377\000T\000a\000b\000e\000l\000l\000e\000n\000v\000e\000r\000z\000e\000i\000c\000h\000n\000i\000s}{}% 7
\BOOKMARK [1][-]{section.1}{\376\377\000E\000i\000n\000l\000e\000i\000t\000u\000n\000g}{}% 8
\BOOKMARK [2][-]{subsection.1.1}{\376\377\000E\000i\000n\000f\000\374\000h\000r\000u\000n\000g}{section.1}% 9
\BOOKMARK [2][-]{subsection.1.2}{\376\377\000Z\000i\000e\000l\000d\000e\000f\000i\000n\000i\000t\000i\000o\000n}{section.1}% 10
\BOOKMARK [2][-]{subsection.1.3}{\376\377\000M\000e\000t\000h\000o\000d\000i\000k}{section.1}% 11
\BOOKMARK [1][-]{section.2}{\376\377\000G\000r\000u\000n\000d\000l\000a\000g\000e\000n}{}% 12
\BOOKMARK [2][-]{subsection.2.1}{\376\377\000B\000r\000u\000t\000e\000\040\000F\000o\000r\000c\000e}{section.2}% 13
\BOOKMARK [3][-]{subsubsection.2.1.1}{\376\377\000D\000e\000f\000i\000n\000i\000t\000i\000o\000n}{subsection.2.1}% 14
\BOOKMARK [3][-]{subsubsection.2.1.2}{\376\377\000F\000u\000n\000k\000t\000i\000o\000n\000s\000w\000e\000i\000s\000e}{subsection.2.1}% 15
\BOOKMARK [2][-]{subsection.2.2}{\376\377\000D\000i\000c\000t\000i\000o\000n\000a\000r\000y\000\040\000A\000t\000t\000a\000c\000k\000s}{section.2}% 16
\BOOKMARK [3][-]{subsubsection.2.2.1}{\376\377\000D\000e\000f\000i\000n\000t\000i\000o\000n}{subsection.2.2}% 17
\BOOKMARK [3][-]{subsubsection.2.2.2}{\376\377\000F\000u\000n\000k\000t\000i\000o\000n\000s\000w\000e\000i\000s\000e}{subsection.2.2}% 18
\BOOKMARK [2][-]{subsection.2.3}{\376\377\000K\000o\000m\000p\000l\000e\000x\000i\000t\000\344\000t\000\040\000v\000o\000n\000\040\000P\000a\000s\000s\000w\000\366\000r\000t\000e\000r\000n}{section.2}% 19
\BOOKMARK [2][-]{subsection.2.4}{\376\377\000W\000P\000A\000\040\0002}{section.2}% 20
\BOOKMARK [2][-]{subsection.2.5}{\376\377\000R\000a\000i\000n\000b\000o\000w\000\040\000T\000a\000b\000l\000e\000s}{section.2}% 21
\BOOKMARK [3][-]{subsubsection.2.5.1}{\376\377\000D\000e\000f\000i\000n\000i\000t\000i\000o\000n}{subsection.2.5}% 22
\BOOKMARK [3][-]{subsubsection.2.5.2}{\376\377\000W\000P\000A\0002}{subsection.2.5}% 23
\BOOKMARK [1][-]{section.3}{\376\377\000K\000r\000i\000t\000e\000r\000i\000e\000n\000a\000u\000s\000w\000a\000h\000l}{}% 24
\BOOKMARK [2][-]{subsection.3.1}{\376\377\000E\000f\000f\000i\000z\000i\000e\000n\000z}{section.3}% 25
\BOOKMARK [2][-]{subsection.3.2}{\376\377\000E\000r\000f\000o\000l\000g\000s\000q\000u\000o\000t\000e}{section.3}% 26
\BOOKMARK [2][-]{subsection.3.3}{\376\377\000R\000e\000s\000s\000o\000u\000r\000c\000e\000n\000b\000e\000d\000a\000r\000f}{section.3}% 27
\BOOKMARK [2][-]{subsection.3.4}{\376\377\000A\000n\000p\000a\000s\000s\000u\000n\000g\000s\000f\000\344\000h\000i\000g\000k\000e\000i\000t}{section.3}% 28
\BOOKMARK [1][-]{section.4}{\376\377\000N\000u\000t\000z\000w\000e\000r\000t\000a\000n\000a\000l\000y\000s\000e}{}% 29
\BOOKMARK [2][-]{subsection.4.1}{\376\377\000E\000f\000f\000i\000z\000i\000e\000n\000z}{section.4}% 30
\BOOKMARK [2][-]{subsection.4.2}{\376\377\000E\000r\000f\000o\000l\000g\000s\000q\000u\000o\000t\000e}{section.4}% 31
\BOOKMARK [2][-]{subsection.4.3}{\376\377\000R\000e\000s\000s\000o\000u\000r\000c\000e\000n\000b\000e\000d\000a\000r\000f}{section.4}% 32
\BOOKMARK [2][-]{subsection.4.4}{\376\377\000A\000n\000p\000a\000s\000s\000u\000n\000g\000s\000f\000\344\000h\000i\000g\000k\000e\000i\000t}{section.4}% 33
\BOOKMARK [2][-]{subsection.4.5}{\376\377\000G\000e\000w\000i\000c\000h\000t\000u\000n\000g\000\040\000d\000e\000r\000\040\000K\000r\000i\000t\000e\000r\000i\000e\000n}{section.4}% 34
\BOOKMARK [2][-]{subsection.4.6}{\376\377\000F\000a\000z\000i\000t}{section.4}% 35
\BOOKMARK [1][-]{section.5}{\376\377\000A\000u\000f\000s\000e\000t\000z\000t\000e\000n\000\040\000d\000e\000r\000\040\000U\000m\000g\000e\000b\000u\000n\000g}{}% 36
\BOOKMARK [1][-]{section.6}{\376\377\000D\000u\000r\000c\000h\000f\000\374\000h\000r\000u\000n\000g\000\040\000d\000e\000r\000\040\000T\000e\000s\000t}{}% 37
\BOOKMARK [1][-]{section*.8}{\376\377\000Q\000u\000e\000l\000l\000e\000n\000v\000e\000r\000z\000e\000i\000c\000h\000n\000i\000s}{}% 38
\BOOKMARK [1][-]{section*.9}{\376\377\000A\000n\000h\000a\000n\000g}{}% 39
